1559860138745	mozrunner::runner	INFO	Running command: "/Applications/Firefox.app/Contents/MacOS/firefox-bin" "-marionette" "-foreground" "-no-remote" "-profile" "/var/folders/tp/3tnk_d556jn82vbv6v26c0_r0000gn/T/rust_mozprofile.WlMtQkJSie0N"
1559860143000	addons.webextension.screenshots@mozilla.org	WARN	Loading extension 'screenshots@mozilla.org': Reading manifest: Invalid extension permission: mozillaAddons
1559860143001	addons.webextension.screenshots@mozilla.org	WARN	Loading extension 'screenshots@mozilla.org': Reading manifest: Invalid extension permission: resource://pdf.js/
1559860143001	addons.webextension.screenshots@mozilla.org	WARN	Loading extension 'screenshots@mozilla.org': Reading manifest: Invalid extension permission: about:reader*
1559860148216	Marionette	INFO	Listening on port 60639
1559860149001	Marionette	INFO	Stopped listening on port 60639
1559860173211	mozrunner::runner	INFO	Running command: "/Applications/Firefox.app/Contents/MacOS/firefox-bin" "-marionette" "-foreground" "-no-remote" "-profile" "/var/folders/tp/3tnk_d556jn82vbv6v26c0_r0000gn/T/rust_mozprofile.dBLPraDFTlOj"
1559860175337	addons.webextension.screenshots@mozilla.org	WARN	Loading extension 'screenshots@mozilla.org': Reading manifest: Invalid extension permission: mozillaAddons
1559860175338	addons.webextension.screenshots@mozilla.org	WARN	Loading extension 'screenshots@mozilla.org': Reading manifest: Invalid extension permission: resource://pdf.js/
1559860175338	addons.webextension.screenshots@mozilla.org	WARN	Loading extension 'screenshots@mozilla.org': Reading manifest: Invalid extension permission: about:reader*
1559860179941	Marionette	INFO	Listening on port 60815
1559860179963	Marionette	WARN	TLS certificate errors will be ignored for this session
Marionette threw an error: TypeError: this.curBrowser.contentBrowser is null
GeckoDriver.prototype.get@chrome://marionette/content/driver.js:1095:3

1559860187791	Marionette	INFO	Stopped listening on port 60815

###!!! [Child][MessageChannel] Error: (msgtype=0x530005,name=PHttpChannel::Msg_Cancel) Closed channel: cannot send/recv

1559860220274	mozrunner::runner	INFO	Running command: "/Applications/Firefox.app/Contents/MacOS/firefox-bin" "-marionette" "-foreground" "-no-remote" "-profile" "/var/folders/tp/3tnk_d556jn82vbv6v26c0_r0000gn/T/rust_mozprofile.erauxfneIb2r"
1559860221842	addons.webextension.screenshots@mozilla.org	WARN	Loading extension 'screenshots@mozilla.org': Reading manifest: Invalid extension permission: mozillaAddons
1559860221844	addons.webextension.screenshots@mozilla.org	WARN	Loading extension 'screenshots@mozilla.org': Reading manifest: Invalid extension permission: resource://pdf.js/
1559860221844	addons.webextension.screenshots@mozilla.org	WARN	Loading extension 'screenshots@mozilla.org': Reading manifest: Invalid extension permission: about:reader*
1559860225712	Marionette	INFO	Listening on port 61172
1559860225880	Marionette	WARN	TLS certificate errors will be ignored for this session
1559860236912	Marionette	INFO	Stopped listening on port 61172
[Child 18220, Chrome_ChildThread] WARNING: pipe error: Broken pipe: file /builds/worker/workspace/build/src/ipc/chromium/src/chrome/common/ipc_channel_posix.cc, line 726
[Child 18220, Chrome_ChildThread] WARNING: pipe error: Broken pipe: file /builds/worker/workspace/build/src/ipc/chromium/src/chrome/common/ipc_channel_posix.cc, line 726
[Child 18220, Chrome_ChildThread] WARNING: pipe error: Broken pipe: file /builds/worker/workspace/build/src/ipc/chromium/src/chrome/common/ipc_channel_posix.cc, line 726
[Child 18220, Chrome_ChildThread] WARNING: pipe error: Broken pipe: file /builds/worker/workspace/build/src/ipc/chromium/src/chrome/common/ipc_channel_posix.cc, line 726
[Child 18220, Chrome_ChildThread] WARNING: pipe error: Broken pipe: file /builds/worker/workspace/build/src/ipc/chromium/src/chrome/common/ipc_channel_posix.cc, line 726
[Child 18220, Chrome_ChildThread] WARNING: pipe error: Broken pipe: file /builds/worker/workspace/build/src/ipc/chromium/src/chrome/common/ipc_channel_posix.cc, line 726
[Child 18220, Chrome_ChildThread] WARNING: pipe error: Broken pipe: file /builds/worker/workspace/build/src/ipc/chromium/src/chrome/common/ipc_channel_posix.cc, line 726
[Child 18220, Chrome_ChildThread] WARNING: pipe error: Broken pipe: file /builds/worker/workspace/build/src/ipc/chromium/src/chrome/common/ipc_channel_posix.cc, line 726
[Child 18220, Chrome_ChildThread] WARNING: pipe error: Broken pipe: file /builds/worker/workspace/build/src/ipc/chromium/src/chrome/common/ipc_channel_posix.cc, line 726

###!!! [Child][MessageChannel] Error: (msgtype=0x530005,name=PHttpChannel::Msg_Cancel) Closed channel: cannot send/recv

1559860347706	mozrunner::runner	INFO	Running command: "/Applications/Firefox.app/Contents/MacOS/firefox-bin" "-marionette" "-foreground" "-no-remote" "-profile" "/var/folders/tp/3tnk_d556jn82vbv6v26c0_r0000gn/T/rust_mozprofile.GoaSl6sMb47E"
1559860349473	addons.webextension.screenshots@mozilla.org	WARN	Loading extension 'screenshots@mozilla.org': Reading manifest: Invalid extension permission: mozillaAddons
1559860349474	addons.webextension.screenshots@mozilla.org	WARN	Loading extension 'screenshots@mozilla.org': Reading manifest: Invalid extension permission: resource://pdf.js/
1559860349474	addons.webextension.screenshots@mozilla.org	WARN	Loading extension 'screenshots@mozilla.org': Reading manifest: Invalid extension permission: about:reader*
1559860353101	Marionette	INFO	Listening on port 61870
1559860353186	Marionette	WARN	TLS certificate errors will be ignored for this session
1559860362905	Marionette	INFO	Stopped listening on port 61870

###!!! [Child][MessageChannel] Error: (msgtype=0x530005,name=PHttpChannel::Msg_Cancel) Closed channel: cannot send/recv

1559860587579	mozrunner::runner	INFO	Running command: "/Applications/Firefox.app/Contents/MacOS/firefox-bin" "-marionette" "-foreground" "-no-remote" "-profile" "/var/folders/tp/3tnk_d556jn82vbv6v26c0_r0000gn/T/rust_mozprofile.bnE3sTHtJnJW"
1559860589211	addons.webextension.screenshots@mozilla.org	WARN	Loading extension 'screenshots@mozilla.org': Reading manifest: Invalid extension permission: mozillaAddons
1559860589212	addons.webextension.screenshots@mozilla.org	WARN	Loading extension 'screenshots@mozilla.org': Reading manifest: Invalid extension permission: resource://pdf.js/
1559860589212	addons.webextension.screenshots@mozilla.org	WARN	Loading extension 'screenshots@mozilla.org': Reading manifest: Invalid extension permission: about:reader*
1559860593435	Marionette	INFO	Listening on port 63024
1559860593522	Marionette	WARN	TLS certificate errors will be ignored for this session
1559860615700	Marionette	INFO	Stopped listening on port 63024
1559860816503	mozrunner::runner	INFO	Running command: "/Applications/Firefox.app/Contents/MacOS/firefox-bin" "-marionette" "-foreground" "-no-remote" "-profile" "/var/folders/tp/3tnk_d556jn82vbv6v26c0_r0000gn/T/rust_mozprofile.X5mOOmjpQJ7R"
1559860818287	addons.webextension.screenshots@mozilla.org	WARN	Loading extension 'screenshots@mozilla.org': Reading manifest: Invalid extension permission: mozillaAddons
1559860818288	addons.webextension.screenshots@mozilla.org	WARN	Loading extension 'screenshots@mozilla.org': Reading manifest: Invalid extension permission: resource://pdf.js/
1559860818288	addons.webextension.screenshots@mozilla.org	WARN	Loading extension 'screenshots@mozilla.org': Reading manifest: Invalid extension permission: about:reader*
1559860822296	Marionette	INFO	Listening on port 64145
1559860822401	Marionette	WARN	TLS certificate errors will be ignored for this session
console.error: BroadcastService: 
  receivedBroadcastMessage: handler for
  remote-settings/monitor_changes
  threw error:
  Message: Error: Polling for changes failed: http://%(server)s/dummy/blocklist//buckets/monitor/collections/changes/records?_expected=%221559849104725%22 is not a valid URL..
  Stack:
    remoteSettingsFunction/remoteSettings.pollChanges@resource://services-settings/remote-settings.js:203:13

1559861269764	Marionette	INFO	Stopped listening on port 64145
1559861343813	mozrunner::runner	INFO	Running command: "/Applications/Firefox.app/Contents/MacOS/firefox-bin" "-marionette" "-foreground" "-no-remote" "-profile" "/var/folders/tp/3tnk_d556jn82vbv6v26c0_r0000gn/T/rust_mozprofile.QRdLNGpvW0dn"
1559861345416	addons.webextension.screenshots@mozilla.org	WARN	Loading extension 'screenshots@mozilla.org': Reading manifest: Invalid extension permission: mozillaAddons
1559861345417	addons.webextension.screenshots@mozilla.org	WARN	Loading extension 'screenshots@mozilla.org': Reading manifest: Invalid extension permission: resource://pdf.js/
1559861345418	addons.webextension.screenshots@mozilla.org	WARN	Loading extension 'screenshots@mozilla.org': Reading manifest: Invalid extension permission: about:reader*
1559861349087	Marionette	INFO	Listening on port 50095
1559861349157	Marionette	WARN	TLS certificate errors will be ignored for this session
console.warn: "Error while detaching the thread front: 'detach' request packet to 'server1.conn0.child1/context19' can't be sent as the connection is closed."

###!!! [Child][RunMessage] Error: Channel closing: too late to send/recv, messages will be lost

1559861809783	Marionette	INFO	Stopped listening on port 50095
1559861813533	mozrunner::runner	INFO	Running command: "/Applications/Firefox.app/Contents/MacOS/firefox-bin" "-marionette" "-foreground" "-no-remote" "-profile" "/var/folders/tp/3tnk_d556jn82vbv6v26c0_r0000gn/T/rust_mozprofile.rlfEPP99Yw3i"
1559861814578	addons.webextension.screenshots@mozilla.org	WARN	Loading extension 'screenshots@mozilla.org': Reading manifest: Invalid extension permission: mozillaAddons
1559861814578	addons.webextension.screenshots@mozilla.org	WARN	Loading extension 'screenshots@mozilla.org': Reading manifest: Invalid extension permission: resource://pdf.js/
1559861814579	addons.webextension.screenshots@mozilla.org	WARN	Loading extension 'screenshots@mozilla.org': Reading manifest: Invalid extension permission: about:reader*
1559861817235	Marionette	INFO	Listening on port 52177
1559861817312	Marionette	WARN	TLS certificate errors will be ignored for this session
console.error: BroadcastService: 
  receivedBroadcastMessage: handler for
  remote-settings/monitor_changes
  threw error:
  Message: Error: Polling for changes failed: http://%(server)s/dummy/blocklist//buckets/monitor/collections/changes/records?_expected=%221559849104725%22 is not a valid URL..
  Stack:
    remoteSettingsFunction/remoteSettings.pollChanges@resource://services-settings/remote-settings.js:203:13

console.warn: "Error while detaching the thread front: 'detach' request packet to 'server1.conn0.child1/context19' can't be sent as the connection is closed."
1559862733959	Marionette	INFO	Stopped listening on port 52177
1559862739744	mozrunner::runner	INFO	Running command: "/Applications/Firefox.app/Contents/MacOS/firefox-bin" "-marionette" "-foreground" "-no-remote" "-profile" "/var/folders/tp/3tnk_d556jn82vbv6v26c0_r0000gn/T/rust_mozprofile.imEudpbQ6GQr"
1559862741416	addons.webextension.screenshots@mozilla.org	WARN	Loading extension 'screenshots@mozilla.org': Reading manifest: Invalid extension permission: mozillaAddons
1559862741417	addons.webextension.screenshots@mozilla.org	WARN	Loading extension 'screenshots@mozilla.org': Reading manifest: Invalid extension permission: resource://pdf.js/
1559862741417	addons.webextension.screenshots@mozilla.org	WARN	Loading extension 'screenshots@mozilla.org': Reading manifest: Invalid extension permission: about:reader*
1559862746536	Marionette	INFO	Listening on port 56084
1559862746635	Marionette	WARN	TLS certificate errors will be ignored for this session
console.warn: "Error while detaching the thread front: 'detach' request packet to 'server1.conn0.child1/context19' can't be sent as the connection is closed."
1559863159157	Marionette	INFO	Stopped listening on port 56084
1559863177106	mozrunner::runner	INFO	Running command: "/Applications/Firefox.app/Contents/MacOS/firefox-bin" "-marionette" "-foreground" "-no-remote" "-profile" "/var/folders/tp/3tnk_d556jn82vbv6v26c0_r0000gn/T/rust_mozprofile.CvckpQa1HXL2"
1559863178304	addons.webextension.screenshots@mozilla.org	WARN	Loading extension 'screenshots@mozilla.org': Reading manifest: Invalid extension permission: mozillaAddons
1559863178305	addons.webextension.screenshots@mozilla.org	WARN	Loading extension 'screenshots@mozilla.org': Reading manifest: Invalid extension permission: resource://pdf.js/
1559863178305	addons.webextension.screenshots@mozilla.org	WARN	Loading extension 'screenshots@mozilla.org': Reading manifest: Invalid extension permission: about:reader*
1559863181544	Marionette	INFO	Listening on port 58028
1559863181664	Marionette	WARN	TLS certificate errors will be ignored for this session
console.error: BroadcastService: 
  receivedBroadcastMessage: handler for
  remote-settings/monitor_changes
  threw error:
  Message: Error: Polling for changes failed: http://%(server)s/dummy/blocklist//buckets/monitor/collections/changes/records?_expected=%221559849104725%22 is not a valid URL..
  Stack:
    remoteSettingsFunction/remoteSettings.pollChanges@resource://services-settings/remote-settings.js:203:13

IPDL protocol error: Handler returned error code!

###!!! [Parent][DispatchAsyncMessage] Error: PLayerTransaction::Msg_ReleaseLayer Processing error: message was deserialized, but the handler returned false (indicating failure)

IPDL protocol error: Handler returned error code!

###!!! [Parent][DispatchAsyncMessage] Error: PLayerTransaction::Msg_ReleaseLayer Processing error: message was deserialized, but the handler returned false (indicating failure)

IPDL protocol error: Handler returned error code!

###!!! [Parent][DispatchAsyncMessage] Error: PLayerTransaction::Msg_ReleaseLayer Processing error: message was deserialized, but the handler returned false (indicating failure)

IPDL protocol error: Handler returned error code!

###!!! [Parent][DispatchAsyncMessage] Error: PLayerTransaction::Msg_ReleaseLayer Processing error: message was deserialized, but the handler returned false (indicating failure)

IPDL protocol error: Handler returned error code!

###!!! [Parent][DispatchAsyncMessage] Error: PLayerTransaction::Msg_ReleaseLayer Processing error: message was deserialized, but the handler returned false (indicating failure)

IPDL protocol error: Handler returned error code!

###!!! [Parent][DispatchAsyncMessage] Error: PLayerTransaction::Msg_ReleaseLayer Processing error: message was deserialized, but the handler returned false (indicating failure)

IPDL protocol error: Handler returned error code!

###!!! [Parent][DispatchAsyncMessage] Error: PLayerTransaction::Msg_ReleaseLayer Processing error: message was deserialized, but the handler returned false (indicating failure)

console.warn: "Error while detaching the thread front: 'detach' request packet to 'server1.conn0.child1/context19' can't be sent as the connection is closed."
1559865311880	mozrunner::runner	INFO	Running command: "/Applications/Firefox.app/Contents/MacOS/firefox-bin" "-marionette" "-foreground" "-no-remote" "-profile" "/var/folders/tp/3tnk_d556jn82vbv6v26c0_r0000gn/T/rust_mozprofile.qB7CNgHhNedj"
1559865314458	addons.webextension.screenshots@mozilla.org	WARN	Loading extension 'screenshots@mozilla.org': Reading manifest: Invalid extension permission: mozillaAddons
1559865314459	addons.webextension.screenshots@mozilla.org	WARN	Loading extension 'screenshots@mozilla.org': Reading manifest: Invalid extension permission: resource://pdf.js/
1559865314459	addons.webextension.screenshots@mozilla.org	WARN	Loading extension 'screenshots@mozilla.org': Reading manifest: Invalid extension permission: about:reader*
1559865318368	Marionette	INFO	Listening on port 50438
1559865318462	Marionette	WARN	TLS certificate errors will be ignored for this session
JavaScript error: chrome://marionette/content/driver.js, line 1299: TypeError: WeakMap key must be an object, got undefined
1559865360108	Marionette	ERROR	[24] No reply from Marionette:Register
JavaScript error: chrome://marionette/content/listener.js, line 453: TypeError: reply[0] is undefined
JavaScript error: chrome://global/content/elements/browser-custom-element.js, line 1092: uncaught exception: 2147500033
JavaScript error: chrome://global/content/elements/browser-custom-element.js, line 1092: uncaught exception: 2147500033
console.warn: "Error while detaching the thread front: 'detach' request packet to 'server1.conn0.child1/context19' can't be sent as the connection is closed."
JavaScript error: resource://devtools/client/responsive.html/manager.js, line 194: NS_ERROR_FAILURE
JavaScript error: resource://gre/modules/WebProgressChild.jsm, line 61: TypeError: this.mm.content is null

###!!! [Child][MessageChannel] Error: (msgtype=0x530005,name=PHttpChannel::Msg_Cancel) Closed channel: cannot send/recv

1559865377209	mozrunner::runner	INFO	Running command: "/Applications/Firefox.app/Contents/MacOS/firefox-bin" "-marionette" "-foreground" "-no-remote" "-profile" "/var/folders/tp/3tnk_d556jn82vbv6v26c0_r0000gn/T/rust_mozprofile.bZucH6mzdfwr"
1559865378480	addons.webextension.screenshots@mozilla.org	WARN	Loading extension 'screenshots@mozilla.org': Reading manifest: Invalid extension permission: mozillaAddons
1559865378481	addons.webextension.screenshots@mozilla.org	WARN	Loading extension 'screenshots@mozilla.org': Reading manifest: Invalid extension permission: resource://pdf.js/
1559865378481	addons.webextension.screenshots@mozilla.org	WARN	Loading extension 'screenshots@mozilla.org': Reading manifest: Invalid extension permission: about:reader*
1559865381735	Marionette	INFO	Listening on port 50876
1559865381792	Marionette	WARN	TLS certificate errors will be ignored for this session
1559865387476	Marionette	INFO	Stopped listening on port 50438
1559865387671	Marionette	INFO	Stopped listening on port 58028
console.warn: "Error while detaching the thread front: 'detach' request packet to 'server1.conn0.child1/context19' can't be sent as the connection is closed."
1559866870298	Marionette	INFO	Stopped listening on port 50876
1559866882263	mozrunner::runner	INFO	Running command: "/Applications/Firefox.app/Contents/MacOS/firefox-bin" "-marionette" "-foreground" "-no-remote" "-profile" "/var/folders/tp/3tnk_d556jn82vbv6v26c0_r0000gn/T/rust_mozprofile.cWFyjgTL70Sa"
1559866884044	addons.webextension.screenshots@mozilla.org	WARN	Loading extension 'screenshots@mozilla.org': Reading manifest: Invalid extension permission: mozillaAddons
1559866884045	addons.webextension.screenshots@mozilla.org	WARN	Loading extension 'screenshots@mozilla.org': Reading manifest: Invalid extension permission: resource://pdf.js/
1559866884045	addons.webextension.screenshots@mozilla.org	WARN	Loading extension 'screenshots@mozilla.org': Reading manifest: Invalid extension permission: about:reader*
1559866887606	Marionette	INFO	Listening on port 57520
1559866887667	Marionette	WARN	TLS certificate errors will be ignored for this session

###!!! [Child][MessageChannel] Error: (msgtype=0x530005,name=PHttpChannel::Msg_Cancel) Closed channel: cannot send/recv

1559866898447	Marionette	INFO	Stopped listening on port 57520
1559866912016	mozrunner::runner	INFO	Running command: "/Applications/Firefox.app/Contents/MacOS/firefox-bin" "-marionette" "-foreground" "-no-remote" "-profile" "/var/folders/tp/3tnk_d556jn82vbv6v26c0_r0000gn/T/rust_mozprofile.lWn0Yo6FISze"
1559866912985	addons.webextension.screenshots@mozilla.org	WARN	Loading extension 'screenshots@mozilla.org': Reading manifest: Invalid extension permission: mozillaAddons
1559866912986	addons.webextension.screenshots@mozilla.org	WARN	Loading extension 'screenshots@mozilla.org': Reading manifest: Invalid extension permission: resource://pdf.js/
1559866912986	addons.webextension.screenshots@mozilla.org	WARN	Loading extension 'screenshots@mozilla.org': Reading manifest: Invalid extension permission: about:reader*
1559866915830	Marionette	INFO	Listening on port 57799
1559866915870	Marionette	WARN	TLS certificate errors will be ignored for this session

###!!! [Child][MessageChannel] Error: (msgtype=0x530005,name=PHttpChannel::Msg_Cancel) Closed channel: cannot send/recv


###!!! [Child][MessageChannel] Error: (msgtype=0x530005,name=PHttpChannel::Msg_Cancel) Closed channel: cannot send/recv

1559866936985	Marionette	INFO	Stopped listening on port 57799
1559866946016	mozrunner::runner	INFO	Running command: "/Applications/Firefox.app/Contents/MacOS/firefox-bin" "-marionette" "-foreground" "-no-remote" "-profile" "/var/folders/tp/3tnk_d556jn82vbv6v26c0_r0000gn/T/rust_mozprofile.QA10tyEvaIzF"
1559866947037	addons.webextension.screenshots@mozilla.org	WARN	Loading extension 'screenshots@mozilla.org': Reading manifest: Invalid extension permission: mozillaAddons
1559866947037	addons.webextension.screenshots@mozilla.org	WARN	Loading extension 'screenshots@mozilla.org': Reading manifest: Invalid extension permission: resource://pdf.js/
1559866947037	addons.webextension.screenshots@mozilla.org	WARN	Loading extension 'screenshots@mozilla.org': Reading manifest: Invalid extension permission: about:reader*
1559866949754	Marionette	INFO	Listening on port 58076
1559866949832	Marionette	WARN	TLS certificate errors will be ignored for this session
JavaScript error: resource://gre/modules/WebProgressChild.jsm, line 61: TypeError: this.mm.content is null
[Parent 21101, Gecko_IOThread] WARNING: pipe error: Broken pipe: file /builds/worker/workspace/build/src/ipc/chromium/src/chrome/common/ipc_channel_posix.cc, line 726
1559867104167	Marionette	INFO	Stopped listening on port 58076
1559867110525	mozrunner::runner	INFO	Running command: "/Applications/Firefox.app/Contents/MacOS/firefox-bin" "-marionette" "-foreground" "-no-remote" "-profile" "/var/folders/tp/3tnk_d556jn82vbv6v26c0_r0000gn/T/rust_mozprofile.IOl9K24sVBD8"
1559867111646	addons.webextension.screenshots@mozilla.org	WARN	Loading extension 'screenshots@mozilla.org': Reading manifest: Invalid extension permission: mozillaAddons
1559867111646	addons.webextension.screenshots@mozilla.org	WARN	Loading extension 'screenshots@mozilla.org': Reading manifest: Invalid extension permission: resource://pdf.js/
1559867111647	addons.webextension.screenshots@mozilla.org	WARN	Loading extension 'screenshots@mozilla.org': Reading manifest: Invalid extension permission: about:reader*
1559867114515	Marionette	INFO	Listening on port 58882
1559867114564	Marionette	WARN	TLS certificate errors will be ignored for this session
console.warn: "Error while detaching the thread front: 'detach' request packet to 'server1.conn0.child1/context19' can't be sent as the connection is closed."

###!!! [Child][MessageChannel] Error: (msgtype=0x530005,name=PHttpChannel::Msg_Cancel) Closed channel: cannot send/recv


###!!! [Parent][MessageChannel] Error: (msgtype=0x1B0011,name=PBackgroundStorage::Msg_Observe) Channel error: cannot send/recv

1559867271183	Marionette	INFO	Stopped listening on port 58882
1559867277225	mozrunner::runner	INFO	Running command: "/Applications/Firefox.app/Contents/MacOS/firefox-bin" "-marionette" "-foreground" "-no-remote" "-profile" "/var/folders/tp/3tnk_d556jn82vbv6v26c0_r0000gn/T/rust_mozprofile.8uUGyNBCJks2"
1559867278400	addons.webextension.screenshots@mozilla.org	WARN	Loading extension 'screenshots@mozilla.org': Reading manifest: Invalid extension permission: mozillaAddons
1559867278401	addons.webextension.screenshots@mozilla.org	WARN	Loading extension 'screenshots@mozilla.org': Reading manifest: Invalid extension permission: resource://pdf.js/
1559867278401	addons.webextension.screenshots@mozilla.org	WARN	Loading extension 'screenshots@mozilla.org': Reading manifest: Invalid extension permission: about:reader*
1559867281171	Marionette	INFO	Listening on port 59701
1559867281206	Marionette	WARN	TLS certificate errors will be ignored for this session
console.warn: "Error while detaching the thread front: 'detach' request packet to 'server1.conn0.child1/context19' can't be sent as the connection is closed."
[Parent 21141, Gecko_IOThread] WARNING: pipe error: Broken pipe: file /builds/worker/workspace/build/src/ipc/chromium/src/chrome/common/ipc_channel_posix.cc, line 726
1559867354599	Marionette	INFO	Stopped listening on port 59701
1559867450222	mozrunner::runner	INFO	Running command: "/Applications/Firefox.app/Contents/MacOS/firefox-bin" "-marionette" "-foreground" "-no-remote" "-profile" "/var/folders/tp/3tnk_d556jn82vbv6v26c0_r0000gn/T/rust_mozprofile.4uRllAa51jl4"
1559867451836	addons.webextension.screenshots@mozilla.org	WARN	Loading extension 'screenshots@mozilla.org': Reading manifest: Invalid extension permission: mozillaAddons
1559867451837	addons.webextension.screenshots@mozilla.org	WARN	Loading extension 'screenshots@mozilla.org': Reading manifest: Invalid extension permission: resource://pdf.js/
1559867451837	addons.webextension.screenshots@mozilla.org	WARN	Loading extension 'screenshots@mozilla.org': Reading manifest: Invalid extension permission: about:reader*
1559867456822	Marionette	INFO	Listening on port 60548
1559867456841	Marionette	WARN	TLS certificate errors will be ignored for this session
1559867465235	Marionette	INFO	Stopped listening on port 60548

###!!! [Child][MessageChannel] Error: (msgtype=0x53000D,name=PHttpChannel::Msg_RemoveCorsPreflightCacheEntry) Closed channel: cannot send/recv

JavaScript error: /_/scs/shopping-verified-reviews-static/_/js/k=boq-shopping-verified-reviews.VerifiedReviewsBadgeUi.en_US.-JS6F3GD6JE.O/d=1/excm=_b,_tp,badgeview/ed=1/dg=0/rs=AC8lLkSJw3a9OaiJ1cQPDqWhWjx-yqj_8Q/m=_b,_tp, line 245: NS_ERROR_NOT_INITIALIZED: 
JavaScript error: /_/scs/shopping-verified-reviews-static/_/js/k=boq-shopping-verified-reviews.VerifiedReviewsBadgeUi.en_US.-JS6F3GD6JE.O/d=1/excm=_b,_tp,badgeview/ed=1/dg=0/rs=AC8lLkSJw3a9OaiJ1cQPDqWhWjx-yqj_8Q/m=_b,_tp, line 245: NS_ERROR_NOT_INITIALIZED: 
1559868896484	mozrunner::runner	INFO	Running command: "/Applications/Firefox.app/Contents/MacOS/firefox-bin" "-marionette" "-foreground" "-no-remote" "-profile" "/var/folders/tp/3tnk_d556jn82vbv6v26c0_r0000gn/T/rust_mozprofile.owzfJcQwkLUs"
1559868898215	addons.webextension.screenshots@mozilla.org	WARN	Loading extension 'screenshots@mozilla.org': Reading manifest: Invalid extension permission: mozillaAddons
1559868898216	addons.webextension.screenshots@mozilla.org	WARN	Loading extension 'screenshots@mozilla.org': Reading manifest: Invalid extension permission: resource://pdf.js/
1559868898216	addons.webextension.screenshots@mozilla.org	WARN	Loading extension 'screenshots@mozilla.org': Reading manifest: Invalid extension permission: about:reader*
1559868902762	Marionette	INFO	Listening on port 50103
1559868902827	Marionette	WARN	TLS certificate errors will be ignored for this session
1559868902968	Marionette	INFO	Stopped listening on port 50103
1559868923926	mozrunner::runner	INFO	Running command: "/Applications/Firefox.app/Contents/MacOS/firefox-bin" "-marionette" "-foreground" "-no-remote" "-profile" "/var/folders/tp/3tnk_d556jn82vbv6v26c0_r0000gn/T/rust_mozprofile.3wYlbBovKL3Y"
1559868925110	addons.webextension.screenshots@mozilla.org	WARN	Loading extension 'screenshots@mozilla.org': Reading manifest: Invalid extension permission: mozillaAddons
1559868925110	addons.webextension.screenshots@mozilla.org	WARN	Loading extension 'screenshots@mozilla.org': Reading manifest: Invalid extension permission: resource://pdf.js/
1559868925110	addons.webextension.screenshots@mozilla.org	WARN	Loading extension 'screenshots@mozilla.org': Reading manifest: Invalid extension permission: about:reader*
1559868928758	Marionette	INFO	Listening on port 50297
1559868928819	Marionette	WARN	TLS certificate errors will be ignored for this session
1559868928886	Marionette	INFO	Stopped listening on port 50297
JavaScript error: resource://gre/modules/Sqlite.jsm, line 834: Error: Connection is not open.
1559869006471	mozrunner::runner	INFO	Running command: "/Applications/Firefox.app/Contents/MacOS/firefox-bin" "-marionette" "-foreground" "-no-remote" "-profile" "/var/folders/tp/3tnk_d556jn82vbv6v26c0_r0000gn/T/rust_mozprofile.dh9PI7KIvsva"
1559869008092	addons.webextension.screenshots@mozilla.org	WARN	Loading extension 'screenshots@mozilla.org': Reading manifest: Invalid extension permission: mozillaAddons
1559869008093	addons.webextension.screenshots@mozilla.org	WARN	Loading extension 'screenshots@mozilla.org': Reading manifest: Invalid extension permission: resource://pdf.js/
1559869008093	addons.webextension.screenshots@mozilla.org	WARN	Loading extension 'screenshots@mozilla.org': Reading manifest: Invalid extension permission: about:reader*
1559869011833	Marionette	INFO	Listening on port 50705
1559869011950	Marionette	WARN	TLS certificate errors will be ignored for this session
1559869012054	Marionette	INFO	Stopped listening on port 50705

###!!! [Parent][DispatchAsyncMessage] Error: PClientSource::Msg_Teardown Route error: message sent to unknown actor ID


###!!! [Child][MessageChannel] Error: (msgtype=0xAC0006,name=PWindowGlobal::Msg_Destroy) Channel closing: too late to send/recv, messages will be lost


###!!! [Parent][DispatchAsyncMessage] Error: PClientManager::Msg_Teardown Route error: message sent to unknown actor ID

1559869099010	mozrunner::runner	INFO	Running command: "/Applications/Firefox.app/Contents/MacOS/firefox-bin" "-marionette" "-foreground" "-no-remote" "-profile" "/var/folders/tp/3tnk_d556jn82vbv6v26c0_r0000gn/T/rust_mozprofile.8hkDnIK9pTx7"
1559869100625	addons.webextension.screenshots@mozilla.org	WARN	Loading extension 'screenshots@mozilla.org': Reading manifest: Invalid extension permission: mozillaAddons
1559869100626	addons.webextension.screenshots@mozilla.org	WARN	Loading extension 'screenshots@mozilla.org': Reading manifest: Invalid extension permission: resource://pdf.js/
1559869100626	addons.webextension.screenshots@mozilla.org	WARN	Loading extension 'screenshots@mozilla.org': Reading manifest: Invalid extension permission: about:reader*
1559869104403	Marionette	INFO	Listening on port 51151
1559869104544	Marionette	WARN	TLS certificate errors will be ignored for this session
1559869104668	Marionette	INFO	Stopped listening on port 51151
JavaScript error: resource://gre/modules/Sqlite.jsm, line 834: Error: Connection is not open.
JavaScript error: resource://gre/modules/IndexedDB.jsm, line 349: UnknownError: The operation failed for reasons unrelated to the database itself and not covered by any other error code.

###!!! [Parent][DispatchAsyncMessage] Error: PClientSource::Msg_Teardown Route error: message sent to unknown actor ID


###!!! [Child][MessageChannel] Error: (msgtype=0xAC0006,name=PWindowGlobal::Msg_Destroy) Channel closing: too late to send/recv, messages will be lost


###!!! [Parent][DispatchAsyncMessage] Error: PClientManager::Msg_Teardown Route error: message sent to unknown actor ID

1559869447241	mozrunner::runner	INFO	Running command: "/Applications/Firefox.app/Contents/MacOS/firefox-bin" "-marionette" "-foreground" "-no-remote" "-profile" "/var/folders/tp/3tnk_d556jn82vbv6v26c0_r0000gn/T/rust_mozprofile.IgHp2kPZDknb"
1559869448920	addons.webextension.screenshots@mozilla.org	WARN	Loading extension 'screenshots@mozilla.org': Reading manifest: Invalid extension permission: mozillaAddons
1559869448921	addons.webextension.screenshots@mozilla.org	WARN	Loading extension 'screenshots@mozilla.org': Reading manifest: Invalid extension permission: resource://pdf.js/
1559869448922	addons.webextension.screenshots@mozilla.org	WARN	Loading extension 'screenshots@mozilla.org': Reading manifest: Invalid extension permission: about:reader*
1559869452452	Marionette	INFO	Listening on port 52639
1559869452549	Marionette	WARN	TLS certificate errors will be ignored for this session
1559869454334	Marionette	INFO	Stopped listening on port 52639
1559869495452	mozrunner::runner	INFO	Running command: "/Applications/Firefox.app/Contents/MacOS/firefox-bin" "-marionette" "-foreground" "-no-remote" "-profile" "/var/folders/tp/3tnk_d556jn82vbv6v26c0_r0000gn/T/rust_mozprofile.wweAmoxLHc6G"
1559869496465	addons.webextension.screenshots@mozilla.org	WARN	Loading extension 'screenshots@mozilla.org': Reading manifest: Invalid extension permission: mozillaAddons
1559869496466	addons.webextension.screenshots@mozilla.org	WARN	Loading extension 'screenshots@mozilla.org': Reading manifest: Invalid extension permission: resource://pdf.js/
1559869496466	addons.webextension.screenshots@mozilla.org	WARN	Loading extension 'screenshots@mozilla.org': Reading manifest: Invalid extension permission: about:reader*
1559869499367	Marionette	INFO	Listening on port 52912
1559869499428	Marionette	WARN	TLS certificate errors will be ignored for this session

###!!! [Parent][RunMessage] Error: Channel error: cannot send/recv


###!!! [Parent][RunMessage] Error: Channel error: cannot send/recv


###!!! [Parent][RunMessage] Error: Channel error: cannot send/recv


###!!! [Parent][RunMessage] Error: Channel error: cannot send/recv


###!!! [Parent][RunMessage] Error: Channel error: cannot send/recv


###!!! [Parent][RunMessage] Error: Channel error: cannot send/recv


###!!! [Parent][RunMessage] Error: Channel error: cannot send/recv


###!!! [Parent][MessageChannel] Error: (msgtype=0x2000D,name=PAPZ::Msg_Destroy) Channel error: cannot send/recv

1559869509847	Marionette	INFO	Stopped listening on port 52912
1559869534307	mozrunner::runner	INFO	Running command: "/Applications/Firefox.app/Contents/MacOS/firefox-bin" "-marionette" "-foreground" "-no-remote" "-profile" "/var/folders/tp/3tnk_d556jn82vbv6v26c0_r0000gn/T/rust_mozprofile.YKaKn4mi0RNE"
1559869536027	addons.webextension.screenshots@mozilla.org	WARN	Loading extension 'screenshots@mozilla.org': Reading manifest: Invalid extension permission: mozillaAddons
1559869536028	addons.webextension.screenshots@mozilla.org	WARN	Loading extension 'screenshots@mozilla.org': Reading manifest: Invalid extension permission: resource://pdf.js/
1559869536028	addons.webextension.screenshots@mozilla.org	WARN	Loading extension 'screenshots@mozilla.org': Reading manifest: Invalid extension permission: about:reader*
1559869539913	Marionette	INFO	Listening on port 53140
1559869540012	Marionette	WARN	TLS certificate errors will be ignored for this session
1559869548793	Marionette	INFO	Stopped listening on port 53140
1559869641341	mozrunner::runner	INFO	Running command: "/Applications/Firefox.app/Contents/MacOS/firefox-bin" "-marionette" "-foreground" "-no-remote" "-profile" "/var/folders/tp/3tnk_d556jn82vbv6v26c0_r0000gn/T/rust_mozprofile.cKhK2mZZO3k0"
1559869643020	addons.webextension.screenshots@mozilla.org	WARN	Loading extension 'screenshots@mozilla.org': Reading manifest: Invalid extension permission: mozillaAddons
1559869643021	addons.webextension.screenshots@mozilla.org	WARN	Loading extension 'screenshots@mozilla.org': Reading manifest: Invalid extension permission: resource://pdf.js/
1559869643021	addons.webextension.screenshots@mozilla.org	WARN	Loading extension 'screenshots@mozilla.org': Reading manifest: Invalid extension permission: about:reader*
1559869646894	Marionette	INFO	Listening on port 53655
1559869646976	Marionette	WARN	TLS certificate errors will be ignored for this session

###!!! [Child][MessageChannel] Error: (msgtype=0x530005,name=PHttpChannel::Msg_Cancel) Closed channel: cannot send/recv


###!!! [Child][MessageChannel] Error: (msgtype=0x530005,name=PHttpChannel::Msg_Cancel) Closed channel: cannot send/recv


###!!! [Child][MessageChannel] Error: (msgtype=0x530005,name=PHttpChannel::Msg_Cancel) Closed channel: cannot send/recv

1559869666486	Marionette	INFO	Stopped listening on port 53655
1559870063686	mozrunner::runner	INFO	Running command: "/Applications/Firefox.app/Contents/MacOS/firefox-bin" "-marionette" "-foreground" "-no-remote" "-profile" "/var/folders/tp/3tnk_d556jn82vbv6v26c0_r0000gn/T/rust_mozprofile.nYhV6WYTaC51"
1559870065397	addons.webextension.screenshots@mozilla.org	WARN	Loading extension 'screenshots@mozilla.org': Reading manifest: Invalid extension permission: mozillaAddons
1559870065398	addons.webextension.screenshots@mozilla.org	WARN	Loading extension 'screenshots@mozilla.org': Reading manifest: Invalid extension permission: resource://pdf.js/
1559870065398	addons.webextension.screenshots@mozilla.org	WARN	Loading extension 'screenshots@mozilla.org': Reading manifest: Invalid extension permission: about:reader*
1559870069491	Marionette	INFO	Listening on port 55564
1559870069574	Marionette	WARN	TLS certificate errors will be ignored for this session
1559870079693	Marionette	INFO	Stopped listening on port 55564

###!!! [Child][MessageChannel] Error: (msgtype=0x530005,name=PHttpChannel::Msg_Cancel) Closed channel: cannot send/recv

[Parent 21939, Gecko_IOThread] WARNING: pipe error: Broken pipe: file /builds/worker/workspace/build/src/ipc/chromium/src/chrome/common/ipc_channel_posix.cc, line 726
1559870168942	mozrunner::runner	INFO	Running command: "/Applications/Firefox.app/Contents/MacOS/firefox-bin" "-marionette" "-foreground" "-no-remote" "-profile" "/var/folders/tp/3tnk_d556jn82vbv6v26c0_r0000gn/T/rust_mozprofile.b1ELPSkZjnD9"
1559870171205	addons.webextension.screenshots@mozilla.org	WARN	Loading extension 'screenshots@mozilla.org': Reading manifest: Invalid extension permission: mozillaAddons
1559870171206	addons.webextension.screenshots@mozilla.org	WARN	Loading extension 'screenshots@mozilla.org': Reading manifest: Invalid extension permission: resource://pdf.js/
1559870171206	addons.webextension.screenshots@mozilla.org	WARN	Loading extension 'screenshots@mozilla.org': Reading manifest: Invalid extension permission: about:reader*
1559870175796	Marionette	INFO	Listening on port 56159
1559870175906	Marionette	WARN	TLS certificate errors will be ignored for this session
1559870187225	Marionette	INFO	Stopped listening on port 56159
[Parent 21972, Gecko_IOThread] WARNING: pipe error: Broken pipe: file /builds/worker/workspace/build/src/ipc/chromium/src/chrome/common/ipc_channel_posix.cc, line 726
1559870397724	mozrunner::runner	INFO	Running command: "/Applications/Firefox.app/Contents/MacOS/firefox-bin" "-marionette" "-foreground" "-no-remote" "-profile" "/var/folders/tp/3tnk_d556jn82vbv6v26c0_r0000gn/T/rust_mozprofile.2vLGbgcTIuwQ"
1559870400780	addons.webextension.screenshots@mozilla.org	WARN	Loading extension 'screenshots@mozilla.org': Reading manifest: Invalid extension permission: mozillaAddons
1559870400781	addons.webextension.screenshots@mozilla.org	WARN	Loading extension 'screenshots@mozilla.org': Reading manifest: Invalid extension permission: resource://pdf.js/
1559870400782	addons.webextension.screenshots@mozilla.org	WARN	Loading extension 'screenshots@mozilla.org': Reading manifest: Invalid extension permission: about:reader*
1559870406332	Marionette	INFO	Listening on port 57261
1559870406366	Marionette	WARN	TLS certificate errors will be ignored for this session
1559870437206	Marionette	INFO	Stopped listening on port 57261
1559870654628	mozrunner::runner	INFO	Running command: "/Applications/Firefox.app/Contents/MacOS/firefox-bin" "-marionette" "-foreground" "-no-remote" "-profile" "/var/folders/tp/3tnk_d556jn82vbv6v26c0_r0000gn/T/rust_mozprofile.frT1VvEHXyD8"
1559870656399	addons.webextension.screenshots@mozilla.org	WARN	Loading extension 'screenshots@mozilla.org': Reading manifest: Invalid extension permission: mozillaAddons
1559870656400	addons.webextension.screenshots@mozilla.org	WARN	Loading extension 'screenshots@mozilla.org': Reading manifest: Invalid extension permission: resource://pdf.js/
1559870656400	addons.webextension.screenshots@mozilla.org	WARN	Loading extension 'screenshots@mozilla.org': Reading manifest: Invalid extension permission: about:reader*
1559870660282	Marionette	INFO	Listening on port 58516
1559870660415	Marionette	WARN	TLS certificate errors will be ignored for this session
1559870673537	Marionette	INFO	Stopped listening on port 58516

###!!! [Child][MessageChannel] Error: (msgtype=0x53000D,name=PHttpChannel::Msg_RemoveCorsPreflightCacheEntry) Closed channel: cannot send/recv


###!!! [Child][MessageChannel] Error: (msgtype=0x530005,name=PHttpChannel::Msg_Cancel) Closed channel: cannot send/recv


###!!! [Child][MessageChannel] Error: (msgtype=0x53000D,name=PHttpChannel::Msg_RemoveCorsPreflightCacheEntry) Closed channel: cannot send/recv

[Parent 22117, Gecko_IOThread] WARNING: pipe error: Broken pipe: file /builds/worker/workspace/build/src/ipc/chromium/src/chrome/common/ipc_channel_posix.cc, line 726
1559871117282	mozrunner::runner	INFO	Running command: "/Applications/Firefox.app/Contents/MacOS/firefox-bin" "-marionette" "-foreground" "-no-remote" "-profile" "/var/folders/tp/3tnk_d556jn82vbv6v26c0_r0000gn/T/rust_mozprofile.pu97pb4ggf6o"
1559871119145	addons.webextension.screenshots@mozilla.org	WARN	Loading extension 'screenshots@mozilla.org': Reading manifest: Invalid extension permission: mozillaAddons
1559871119146	addons.webextension.screenshots@mozilla.org	WARN	Loading extension 'screenshots@mozilla.org': Reading manifest: Invalid extension permission: resource://pdf.js/
1559871119147	addons.webextension.screenshots@mozilla.org	WARN	Loading extension 'screenshots@mozilla.org': Reading manifest: Invalid extension permission: about:reader*
1559871123190	Marionette	INFO	Listening on port 60584
1559871123430	Marionette	WARN	TLS certificate errors will be ignored for this session
1559871134059	Marionette	INFO	Stopped listening on port 60584
1559871525011	mozrunner::runner	INFO	Running command: "/Applications/Firefox.app/Contents/MacOS/firefox-bin" "-marionette" "-foreground" "-no-remote" "-profile" "/var/folders/tp/3tnk_d556jn82vbv6v26c0_r0000gn/T/rust_mozprofile.GztqV9z3RVQD"
1559871528686	addons.webextension.screenshots@mozilla.org	WARN	Loading extension 'screenshots@mozilla.org': Reading manifest: Invalid extension permission: mozillaAddons
1559871528687	addons.webextension.screenshots@mozilla.org	WARN	Loading extension 'screenshots@mozilla.org': Reading manifest: Invalid extension permission: resource://pdf.js/
1559871528687	addons.webextension.screenshots@mozilla.org	WARN	Loading extension 'screenshots@mozilla.org': Reading manifest: Invalid extension permission: about:reader*
Exiting due to channel error.
[GFX1-]: Receive IPC close with reason=AbnormalShutdown
Exiting due to channel error.
1559871541004	mozrunner::runner	INFO	Running command: "/Applications/Firefox.app/Contents/MacOS/firefox-bin" "-marionette" "-foreground" "-no-remote" "-profile" "/var/folders/tp/3tnk_d556jn82vbv6v26c0_r0000gn/T/rust_mozprofile.3HyFARQLFJN9"
1559871542497	addons.webextension.screenshots@mozilla.org	WARN	Loading extension 'screenshots@mozilla.org': Reading manifest: Invalid extension permission: mozillaAddons
1559871542498	addons.webextension.screenshots@mozilla.org	WARN	Loading extension 'screenshots@mozilla.org': Reading manifest: Invalid extension permission: resource://pdf.js/
1559871542498	addons.webextension.screenshots@mozilla.org	WARN	Loading extension 'screenshots@mozilla.org': Reading manifest: Invalid extension permission: about:reader*
1559871545871	Marionette	INFO	Listening on port 62584
1559871545950	Marionette	WARN	TLS certificate errors will be ignored for this session
1559871621833	Marionette	INFO	Stopped listening on port 62584
1559871749848	mozrunner::runner	INFO	Running command: "/Applications/Firefox.app/Contents/MacOS/firefox-bin" "-marionette" "-foreground" "-no-remote" "-profile" "/var/folders/tp/3tnk_d556jn82vbv6v26c0_r0000gn/T/rust_mozprofile.zrANUQOJwhKL"
1559871752618	addons.webextension.screenshots@mozilla.org	WARN	Loading extension 'screenshots@mozilla.org': Reading manifest: Invalid extension permission: mozillaAddons
1559871752620	addons.webextension.screenshots@mozilla.org	WARN	Loading extension 'screenshots@mozilla.org': Reading manifest: Invalid extension permission: resource://pdf.js/
1559871752620	addons.webextension.screenshots@mozilla.org	WARN	Loading extension 'screenshots@mozilla.org': Reading manifest: Invalid extension permission: about:reader*
1559871756876	Marionette	INFO	Listening on port 63615
1559871756919	Marionette	WARN	TLS certificate errors will be ignored for this session
console.error: BroadcastService: 
  receivedBroadcastMessage: handler for
  remote-settings/monitor_changes
  threw error:
  Message: Error: Polling for changes failed: http://%(server)s/dummy/blocklist//buckets/monitor/collections/changes/records?_expected=%221559849104725%22 is not a valid URL..
  Stack:
    remoteSettingsFunction/remoteSettings.pollChanges@resource://services-settings/remote-settings.js:203:13

1559873323398	Marionette	INFO	Stopped listening on port 63615
1559886577821	mozrunner::runner	INFO	Running command: "/Applications/Firefox.app/Contents/MacOS/firefox-bin" "-marionette" "-foreground" "-no-remote" "-profile" "/var/folders/tp/3tnk_d556jn82vbv6v26c0_r0000gn/T/rust_mozprofile.MNuFHuKP14y2"
1559886580481	addons.webextension.screenshots@mozilla.org	WARN	Loading extension 'screenshots@mozilla.org': Reading manifest: Invalid extension permission: mozillaAddons
1559886580482	addons.webextension.screenshots@mozilla.org	WARN	Loading extension 'screenshots@mozilla.org': Reading manifest: Invalid extension permission: resource://pdf.js/
1559886580482	addons.webextension.screenshots@mozilla.org	WARN	Loading extension 'screenshots@mozilla.org': Reading manifest: Invalid extension permission: about:reader*
1559886585931	Marionette	INFO	Listening on port 60732
1559886586151	Marionette	WARN	TLS certificate errors will be ignored for this session
1559886919289	mozrunner::runner	INFO	Running command: "/Applications/Firefox.app/Contents/MacOS/firefox-bin" "-marionette" "-foreground" "-no-remote" "-profile" "/var/folders/tp/3tnk_d556jn82vbv6v26c0_r0000gn/T/rust_mozprofile.ZgkgV4Hi0ahm"
1559886920917	addons.webextension.screenshots@mozilla.org	WARN	Loading extension 'screenshots@mozilla.org': Reading manifest: Invalid extension permission: mozillaAddons
1559886920919	addons.webextension.screenshots@mozilla.org	WARN	Loading extension 'screenshots@mozilla.org': Reading manifest: Invalid extension permission: resource://pdf.js/
1559886920919	addons.webextension.screenshots@mozilla.org	WARN	Loading extension 'screenshots@mozilla.org': Reading manifest: Invalid extension permission: about:reader*
1559886924606	Marionette	INFO	Listening on port 62424
1559886924674	Marionette	WARN	TLS certificate errors will be ignored for this session
[Parent 25915, Gecko_IOThread] WARNING: pipe error: Broken pipe: file /builds/worker/workspace/build/src/ipc/chromium/src/chrome/common/ipc_channel_posix.cc, line 726
JavaScript error: https://cdn.ravenjs.com/3.17.0/vue/raven.min.js, line 2: NS_ERROR_NOT_INITIALIZED: 
1559886929178	Marionette	INFO	Stopped listening on port 62424
1559886930630	Marionette	INFO	Stopped listening on port 60732
1559886963716	mozrunner::runner	INFO	Running command: "/Applications/Firefox.app/Contents/MacOS/firefox-bin" "-marionette" "-foreground" "-no-remote" "-profile" "/var/folders/tp/3tnk_d556jn82vbv6v26c0_r0000gn/T/rust_mozprofile.EpdHSLwqvu09"
1559886965054	addons.webextension.screenshots@mozilla.org	WARN	Loading extension 'screenshots@mozilla.org': Reading manifest: Invalid extension permission: mozillaAddons
1559886965056	addons.webextension.screenshots@mozilla.org	WARN	Loading extension 'screenshots@mozilla.org': Reading manifest: Invalid extension permission: resource://pdf.js/
1559886965056	addons.webextension.screenshots@mozilla.org	WARN	Loading extension 'screenshots@mozilla.org': Reading manifest: Invalid extension permission: about:reader*
1559886969268	Marionette	INFO	Listening on port 62709
1559886969370	Marionette	WARN	TLS certificate errors will be ignored for this session
1559886979872	Marionette	INFO	Stopped listening on port 62709
[Child 25942, Chrome_ChildThread] WARNING: pipe error: Broken pipe: file /builds/worker/workspace/build/src/ipc/chromium/src/chrome/common/ipc_channel_posix.cc, line 726
[Child 25942, Chrome_ChildThread] WARNING: pipe error: Broken pipe: file /builds/worker/workspace/build/src/ipc/chromium/src/chrome/common/ipc_channel_posix.cc, line 726

###!!! [Child][MessageChannel] Error: (msgtype=0x530005,name=PHttpChannel::Msg_Cancel) Closed channel: cannot send/recv

[Parent 25940, Gecko_IOThread] WARNING: pipe error: Broken pipe: file /builds/worker/workspace/build/src/ipc/chromium/src/chrome/common/ipc_channel_posix.cc, line 726
1560039939445	mozrunner::runner	INFO	Running command: "/Applications/Firefox.app/Contents/MacOS/firefox-bin" "-marionette" "-foreground" "-no-remote" "-profile" "/var/folders/tp/3tnk_d556jn82vbv6v26c0_r0000gn/T/rust_mozprofile.veFI464afNd6"
1560039941019	addons.webextension.screenshots@mozilla.org	WARN	Loading extension 'screenshots@mozilla.org': Reading manifest: Invalid extension permission: mozillaAddons
1560039941021	addons.webextension.screenshots@mozilla.org	WARN	Loading extension 'screenshots@mozilla.org': Reading manifest: Invalid extension permission: resource://pdf.js/
1560039941021	addons.webextension.screenshots@mozilla.org	WARN	Loading extension 'screenshots@mozilla.org': Reading manifest: Invalid extension permission: about:reader*
1560039944923	Marionette	INFO	Listening on port 61436
1560039945043	Marionette	WARN	TLS certificate errors will be ignored for this session
console.error: BroadcastService: 
  receivedBroadcastMessage: handler for
  remote-settings/monitor_changes
  threw error:
  Message: Error: Polling for changes failed: http://%(server)s/dummy/blocklist//buckets/monitor/collections/changes/records?_expected=%221559865839282%22 is not a valid URL..
  Stack:
    remoteSettingsFunction/remoteSettings.pollChanges@resource://services-settings/remote-settings.js:203:13


###!!! [Child][MessageChannel] Error: (msgtype=0x530005,name=PHttpChannel::Msg_Cancel) Closed channel: cannot send/recv

1560039967591	Marionette	INFO	Stopped listening on port 61436
1560041322883	mozrunner::runner	INFO	Running command: "/Applications/Firefox.app/Contents/MacOS/firefox-bin" "-marionette" "-foreground" "-no-remote" "-profile" "/var/folders/tp/3tnk_d556jn82vbv6v26c0_r0000gn/T/rust_mozprofile.ak88mSc24YOR"
1560041325151	addons.webextension.screenshots@mozilla.org	WARN	Loading extension 'screenshots@mozilla.org': Reading manifest: Invalid extension permission: mozillaAddons
1560041325152	addons.webextension.screenshots@mozilla.org	WARN	Loading extension 'screenshots@mozilla.org': Reading manifest: Invalid extension permission: resource://pdf.js/
1560041325152	addons.webextension.screenshots@mozilla.org	WARN	Loading extension 'screenshots@mozilla.org': Reading manifest: Invalid extension permission: about:reader*
1560041329210	Marionette	INFO	Listening on port 50957
1560041329274	Marionette	WARN	TLS certificate errors will be ignored for this session
1560041341010	Marionette	INFO	Stopped listening on port 50957

###!!! [Child][MessageChannel] Error: (msgtype=0x530005,name=PHttpChannel::Msg_Cancel) Closed channel: cannot send/recv

1560042423813	mozrunner::runner	INFO	Running command: "/Applications/Firefox.app/Contents/MacOS/firefox-bin" "-marionette" "-foreground" "-no-remote" "-profile" "/var/folders/tp/3tnk_d556jn82vbv6v26c0_r0000gn/T/rust_mozprofile.fxv0xW3zFCZj"
1560042425754	addons.webextension.screenshots@mozilla.org	WARN	Loading extension 'screenshots@mozilla.org': Reading manifest: Invalid extension permission: mozillaAddons
1560042425755	addons.webextension.screenshots@mozilla.org	WARN	Loading extension 'screenshots@mozilla.org': Reading manifest: Invalid extension permission: resource://pdf.js/
1560042425756	addons.webextension.screenshots@mozilla.org	WARN	Loading extension 'screenshots@mozilla.org': Reading manifest: Invalid extension permission: about:reader*
1560042429870	Marionette	INFO	Listening on port 55704
1560042429969	Marionette	WARN	TLS certificate errors will be ignored for this session
1560042509538	Marionette	INFO	Stopped listening on port 55704

###!!! [Child][RunMessage] Error: Channel closing: too late to send/recv, messages will be lost

1560190475670	mozrunner::runner	INFO	Running command: "/Applications/Firefox.app/Contents/MacOS/firefox-bin" "-marionette" "-foreground" "-no-remote" "-profile" "/var/folders/tp/3tnk_d556jn82vbv6v26c0_r0000gn/T/rust_mozprofile.Qal44tlkdhnf"
1560190477726	addons.webextension.screenshots@mozilla.org	WARN	Loading extension 'screenshots@mozilla.org': Reading manifest: Invalid extension permission: mozillaAddons
1560190477727	addons.webextension.screenshots@mozilla.org	WARN	Loading extension 'screenshots@mozilla.org': Reading manifest: Invalid extension permission: resource://pdf.js/
1560190477727	addons.webextension.screenshots@mozilla.org	WARN	Loading extension 'screenshots@mozilla.org': Reading manifest: Invalid extension permission: about:reader*
1560190481711	Marionette	INFO	Listening on port 64053
1560190481743	Marionette	WARN	TLS certificate errors will be ignored for this session
console.error: BroadcastService: 
  receivedBroadcastMessage: handler for
  remote-settings/monitor_changes
  threw error:
  Message: Error: Polling for changes failed: http://%(server)s/dummy/blocklist//buckets/monitor/collections/changes/records?_expected=%221560186355257%22 is not a valid URL..
  Stack:
    remoteSettingsFunction/remoteSettings.pollChanges@resource://services-settings/remote-settings.js:203:13

Exiting due to channel error.
Exiting due to channel error.
Exiting due to channel error.
1560211667664	mozrunner::runner	INFO	Running command: "/Applications/Firefox.app/Contents/MacOS/firefox-bin" "-marionette" "-foreground" "-no-remote" "-profile" "/var/folders/tp/3tnk_d556jn82vbv6v26c0_r0000gn/T/rust_mozprofile.exoYPMu735YF"
1560211669765	addons.webextension.screenshots@mozilla.org	WARN	Loading extension 'screenshots@mozilla.org': Reading manifest: Invalid extension permission: mozillaAddons
1560211669766	addons.webextension.screenshots@mozilla.org	WARN	Loading extension 'screenshots@mozilla.org': Reading manifest: Invalid extension permission: resource://pdf.js/
1560211669767	addons.webextension.screenshots@mozilla.org	WARN	Loading extension 'screenshots@mozilla.org': Reading manifest: Invalid extension permission: about:reader*
1560211675246	Marionette	INFO	Listening on port 56475
1560211675302	Marionette	WARN	TLS certificate errors will be ignored for this session
console.error: BroadcastService: 
  receivedBroadcastMessage: handler for
  remote-settings/monitor_changes
  threw error:
  Message: Error: Polling for changes failed: http://%(server)s/dummy/blocklist//buckets/monitor/collections/changes/records?_expected=%221560206791251%22 is not a valid URL..
  Stack:
    remoteSettingsFunction/remoteSettings.pollChanges@resource://services-settings/remote-settings.js:203:13

1560211765100	Marionette	INFO	Stopped listening on port 56475
1560211846379	mozrunner::runner	INFO	Running command: "/Applications/Firefox.app/Contents/MacOS/firefox-bin" "-marionette" "-foreground" "-no-remote" "-profile" "/var/folders/tp/3tnk_d556jn82vbv6v26c0_r0000gn/T/rust_mozprofile.Xd92sfyMwX2U"
1560211847905	addons.webextension.screenshots@mozilla.org	WARN	Loading extension 'screenshots@mozilla.org': Reading manifest: Invalid extension permission: mozillaAddons
1560211847906	addons.webextension.screenshots@mozilla.org	WARN	Loading extension 'screenshots@mozilla.org': Reading manifest: Invalid extension permission: resource://pdf.js/
1560211847907	addons.webextension.screenshots@mozilla.org	WARN	Loading extension 'screenshots@mozilla.org': Reading manifest: Invalid extension permission: about:reader*
1560211851876	Marionette	INFO	Listening on port 57423
1560211851911	Marionette	WARN	TLS certificate errors will be ignored for this session
1560211910693	Marionette	INFO	Stopped listening on port 57423
1560212916365	mozrunner::runner	INFO	Running command: "/Applications/Firefox.app/Contents/MacOS/firefox-bin" "-marionette" "--disable-infobars" "--disable-dev-shm-usage" "--disable-extensions" "--disable-gpu" "--no-sandbox" "--no-proxy-server" "-foreground" "-no-remote" "-profile" "/var/folders/tp/3tnk_d556jn82vbv6v26c0_r0000gn/T/rust_mozprofile.Yh5CkTxAHsrV"
1560212918228	addons.webextension.screenshots@mozilla.org	WARN	Loading extension 'screenshots@mozilla.org': Reading manifest: Invalid extension permission: mozillaAddons
1560212918230	addons.webextension.screenshots@mozilla.org	WARN	Loading extension 'screenshots@mozilla.org': Reading manifest: Invalid extension permission: resource://pdf.js/
1560212918230	addons.webextension.screenshots@mozilla.org	WARN	Loading extension 'screenshots@mozilla.org': Reading manifest: Invalid extension permission: about:reader*
1560212922019	Marionette	INFO	Listening on port 61819
1560212922104	Marionette	WARN	TLS certificate errors will be ignored for this session
console.error: BroadcastService: 
  receivedBroadcastMessage: handler for
  remote-settings/monitor_changes
  threw error:
  Message: Error: Polling for changes failed: http://%(server)s/dummy/blocklist//buckets/monitor/collections/changes/records?_expected=%221560206791251%22 is not a valid URL..
  Stack:
    remoteSettingsFunction/remoteSettings.pollChanges@resource://services-settings/remote-settings.js:203:13

[GFX1-]: Receive IPC close with reason=AbnormalShutdown
Exiting due to channel error.
Exiting due to channel error.
Exiting due to channel error.
1560213118727	mozrunner::runner	INFO	Running command: "/Applications/Firefox.app/Contents/MacOS/firefox-bin" "-marionette" "-foreground" "-no-remote" "-profile" "/var/folders/tp/3tnk_d556jn82vbv6v26c0_r0000gn/T/rust_mozprofile.PZWPN0KUiwmm"
1560213120509	addons.webextension.screenshots@mozilla.org	WARN	Loading extension 'screenshots@mozilla.org': Reading manifest: Invalid extension permission: mozillaAddons
1560213120510	addons.webextension.screenshots@mozilla.org	WARN	Loading extension 'screenshots@mozilla.org': Reading manifest: Invalid extension permission: resource://pdf.js/
1560213120510	addons.webextension.screenshots@mozilla.org	WARN	Loading extension 'screenshots@mozilla.org': Reading manifest: Invalid extension permission: about:reader*
1560213125389	Marionette	INFO	Listening on port 62995
1560213125543	Marionette	WARN	TLS certificate errors will be ignored for this session
1560213125627	Marionette	INFO	Stopped listening on port 62995
1560213143917	mozrunner::runner	INFO	Running command: "/Applications/Firefox.app/Contents/MacOS/firefox-bin" "-marionette" "-foreground" "-no-remote" "-profile" "/var/folders/tp/3tnk_d556jn82vbv6v26c0_r0000gn/T/rust_mozprofile.veDDjVjKBhIh"
1560213145945	addons.webextension.screenshots@mozilla.org	WARN	Loading extension 'screenshots@mozilla.org': Reading manifest: Invalid extension permission: mozillaAddons
1560213145946	addons.webextension.screenshots@mozilla.org	WARN	Loading extension 'screenshots@mozilla.org': Reading manifest: Invalid extension permission: resource://pdf.js/
1560213145946	addons.webextension.screenshots@mozilla.org	WARN	Loading extension 'screenshots@mozilla.org': Reading manifest: Invalid extension permission: about:reader*
1560213149989	Marionette	INFO	Listening on port 63224
1560213150082	Marionette	WARN	TLS certificate errors will be ignored for this session
Exiting due to channel error.
[GFX1-]: Receive IPC close with reason=AbnormalShutdown
[GFX1-]: Receive IPC close with reason=AbnormalShutdown
[GFX1-]: Receive IPC close with reason=AbnormalShutdown
Exiting due to channel error.
Exiting due to channel error.
1560213192621	mozrunner::runner	INFO	Running command: "/Applications/Firefox.app/Contents/MacOS/firefox-bin" "-marionette" "--disable-infobars" "--disable-dev-shm-usage" "--disable-extensions" "--disable-gpu" "--no-sandbox" "--no-proxy-server" "-foreground" "-no-remote" "-profile" "/var/folders/tp/3tnk_d556jn82vbv6v26c0_r0000gn/T/rust_mozprofile.Os7NdaIInns0"
1560213193991	addons.webextension.screenshots@mozilla.org	WARN	Loading extension 'screenshots@mozilla.org': Reading manifest: Invalid extension permission: mozillaAddons
1560213193992	addons.webextension.screenshots@mozilla.org	WARN	Loading extension 'screenshots@mozilla.org': Reading manifest: Invalid extension permission: resource://pdf.js/
1560213193992	addons.webextension.screenshots@mozilla.org	WARN	Loading extension 'screenshots@mozilla.org': Reading manifest: Invalid extension permission: about:reader*
1560213197608	Marionette	INFO	Listening on port 63654
1560213197662	Marionette	WARN	TLS certificate errors will be ignored for this session
1560213309980	Marionette	INFO	Stopped listening on port 63654
1560213516914	mozrunner::runner	INFO	Running command: "/Applications/Firefox.app/Contents/MacOS/firefox-bin" "-marionette" "--disable-infobars" "--disable-dev-shm-usage" "--disable-extensions" "--disable-gpu" "--no-sandbox" "--no-proxy-server" "-foreground" "-no-remote" "-profile" "/var/folders/tp/3tnk_d556jn82vbv6v26c0_r0000gn/T/rust_mozprofile.TPRBliB0xjMa"
1560213518589	addons.webextension.screenshots@mozilla.org	WARN	Loading extension 'screenshots@mozilla.org': Reading manifest: Invalid extension permission: mozillaAddons
1560213518590	addons.webextension.screenshots@mozilla.org	WARN	Loading extension 'screenshots@mozilla.org': Reading manifest: Invalid extension permission: resource://pdf.js/
1560213518591	addons.webextension.screenshots@mozilla.org	WARN	Loading extension 'screenshots@mozilla.org': Reading manifest: Invalid extension permission: about:reader*
1560213522328	Marionette	INFO	Listening on port 49722
1560213522387	Marionette	WARN	TLS certificate errors will be ignored for this session
console.error: BroadcastService: 
  receivedBroadcastMessage: handler for
  remote-settings/monitor_changes
  threw error:
  Message: Error: Polling for changes failed: http://%(server)s/dummy/blocklist//buckets/monitor/collections/changes/records?_expected=%221560206791251%22 is not a valid URL..
  Stack:
    remoteSettingsFunction/remoteSettings.pollChanges@resource://services-settings/remote-settings.js:203:13

1560215245761	Marionette	INFO	Stopped listening on port 49722
[Parent 16752, Gecko_IOThread] WARNING: pipe error: Broken pipe: file /builds/worker/workspace/build/src/ipc/chromium/src/chrome/common/ipc_channel_posix.cc, line 726
1560215381026	mozrunner::runner	INFO	Running command: "/Applications/Firefox.app/Contents/MacOS/firefox-bin" "-marionette" "--disable-infobars" "--disable-dev-shm-usage" "--disable-extensions" "--disable-gpu" "--no-sandbox" "--no-proxy-server" "-foreground" "-no-remote" "-profile" "/var/folders/tp/3tnk_d556jn82vbv6v26c0_r0000gn/T/rust_mozprofile.kFTFhARcdryf"
1560215382050	addons.webextension.screenshots@mozilla.org	WARN	Loading extension 'screenshots@mozilla.org': Reading manifest: Invalid extension permission: mozillaAddons
1560215382051	addons.webextension.screenshots@mozilla.org	WARN	Loading extension 'screenshots@mozilla.org': Reading manifest: Invalid extension permission: resource://pdf.js/
1560215382051	addons.webextension.screenshots@mozilla.org	WARN	Loading extension 'screenshots@mozilla.org': Reading manifest: Invalid extension permission: about:reader*
1560215384713	Marionette	INFO	Listening on port 53141
1560215385636	Marionette	WARN	TLS certificate errors will be ignored for this session
Exiting due to channel error.
[GFX1-]: Receive IPC close with reason=AbnormalShutdown
[GFX1-]: Receive IPC close with reason=AbnormalShutdown
Exiting due to channel error.
Exiting due to channel error.
1560215503021	mozrunner::runner	INFO	Running command: "/Applications/Firefox.app/Contents/MacOS/firefox-bin" "-marionette" "--disable-infobars" "--disable-dev-shm-usage" "--disable-extensions" "--disable-gpu" "--no-sandbox" "--no-proxy-server" "-foreground" "-no-remote" "-profile" "/var/folders/tp/3tnk_d556jn82vbv6v26c0_r0000gn/T/rust_mozprofile.8kVG7fG9qNmG"
1560215503805	addons.webextension.screenshots@mozilla.org	WARN	Loading extension 'screenshots@mozilla.org': Reading manifest: Invalid extension permission: mozillaAddons
1560215503805	addons.webextension.screenshots@mozilla.org	WARN	Loading extension 'screenshots@mozilla.org': Reading manifest: Invalid extension permission: resource://pdf.js/
1560215503805	addons.webextension.screenshots@mozilla.org	WARN	Loading extension 'screenshots@mozilla.org': Reading manifest: Invalid extension permission: about:reader*
1560215506331	Marionette	INFO	Listening on port 53587
1560215507157	Marionette	WARN	TLS certificate errors will be ignored for this session
[GFX1-]: Receive IPC close with reason=AbnormalShutdown
Exiting due to channel error.
[Child 16911, Chrome_ChildThread] WARNING: pipe error: Broken pipe: file /builds/worker/workspace/build/src/ipc/chromium/src/chrome/common/ipc_channel_posix.cc, line 726
Exiting due to channel error.
Exiting due to channel error.
1560215574415	mozrunner::runner	INFO	Running command: "/Applications/Firefox.app/Contents/MacOS/firefox-bin" "-marionette" "--disable-infobars" "--disable-dev-shm-usage" "--disable-extensions" "--disable-gpu" "--no-sandbox" "--no-proxy-server" "-foreground" "-no-remote" "-profile" "/var/folders/tp/3tnk_d556jn82vbv6v26c0_r0000gn/T/rust_mozprofile.qwmDojaHQaS1"
1560215575366	addons.webextension.screenshots@mozilla.org	WARN	Loading extension 'screenshots@mozilla.org': Reading manifest: Invalid extension permission: mozillaAddons
1560215575367	addons.webextension.screenshots@mozilla.org	WARN	Loading extension 'screenshots@mozilla.org': Reading manifest: Invalid extension permission: resource://pdf.js/
1560215575367	addons.webextension.screenshots@mozilla.org	WARN	Loading extension 'screenshots@mozilla.org': Reading manifest: Invalid extension permission: about:reader*
1560215577922	Marionette	INFO	Listening on port 54026
1560215578014	Marionette	WARN	TLS certificate errors will be ignored for this session
[Parent 16918, Gecko_IOThread] WARNING: pipe error: Broken pipe: file /builds/worker/workspace/build/src/ipc/chromium/src/chrome/common/ipc_channel_posix.cc, line 726
1560215618139	Marionette	INFO	Stopped listening on port 54026
1560215626206	mozrunner::runner	INFO	Running command: "/Applications/Firefox.app/Contents/MacOS/firefox-bin" "-marionette" "--disable-infobars" "--disable-dev-shm-usage" "--disable-extensions" "--disable-gpu" "--no-sandbox" "--no-proxy-server" "-foreground" "-no-remote" "-profile" "/var/folders/tp/3tnk_d556jn82vbv6v26c0_r0000gn/T/rust_mozprofile.a32QBspSX3UA"
1560215626937	addons.webextension.screenshots@mozilla.org	WARN	Loading extension 'screenshots@mozilla.org': Reading manifest: Invalid extension permission: mozillaAddons
1560215626938	addons.webextension.screenshots@mozilla.org	WARN	Loading extension 'screenshots@mozilla.org': Reading manifest: Invalid extension permission: resource://pdf.js/
1560215626938	addons.webextension.screenshots@mozilla.org	WARN	Loading extension 'screenshots@mozilla.org': Reading manifest: Invalid extension permission: about:reader*
1560215629424	Marionette	INFO	Listening on port 54291
1560215629498	Marionette	WARN	TLS certificate errors will be ignored for this session
console.error: BroadcastService: 
  receivedBroadcastMessage: handler for
  remote-settings/monitor_changes
  threw error:
  Message: Error: Polling for changes failed: http://%(server)s/dummy/blocklist//buckets/monitor/collections/changes/records?_expected=%221560206791251%22 is not a valid URL..
  Stack:
    remoteSettingsFunction/remoteSettings.pollChanges@resource://services-settings/remote-settings.js:203:13

1560217178311	Marionette	INFO	Stopped listening on port 54291
[Parent 16927, Gecko_IOThread] WARNING: pipe error: Broken pipe: file /builds/worker/workspace/build/src/ipc/chromium/src/chrome/common/ipc_channel_posix.cc, line 726
1560217509038	mozrunner::runner	INFO	Running command: "/Applications/Firefox.app/Contents/MacOS/firefox-bin" "-marionette" "--disable-infobars" "--disable-dev-shm-usage" "--disable-extensions" "--disable-gpu" "--no-sandbox" "--no-proxy-server" "-foreground" "-no-remote" "-profile" "/var/folders/tp/3tnk_d556jn82vbv6v26c0_r0000gn/T/rust_mozprofile.dokCAi7yxg6R"
1560217510071	addons.webextension.screenshots@mozilla.org	WARN	Loading extension 'screenshots@mozilla.org': Reading manifest: Invalid extension permission: mozillaAddons
1560217510072	addons.webextension.screenshots@mozilla.org	WARN	Loading extension 'screenshots@mozilla.org': Reading manifest: Invalid extension permission: resource://pdf.js/
1560217510072	addons.webextension.screenshots@mozilla.org	WARN	Loading extension 'screenshots@mozilla.org': Reading manifest: Invalid extension permission: about:reader*
1560217512586	Marionette	INFO	Listening on port 56052
1560217512667	Marionette	WARN	TLS certificate errors will be ignored for this session
Exiting due to channel error.
[GFX1-]: Receive IPC close with reason=AbnormalShutdown
Exiting due to channel error.
Exiting due to channel error.
1560217542055	mozrunner::runner	INFO	Running command: "/Applications/Firefox.app/Contents/MacOS/firefox-bin" "-marionette" "--disable-infobars" "--disable-dev-shm-usage" "--disable-extensions" "--disable-gpu" "--no-sandbox" "--no-proxy-server" "-foreground" "-no-remote" "-profile" "/var/folders/tp/3tnk_d556jn82vbv6v26c0_r0000gn/T/rust_mozprofile.nipYG9ZkfLxu"
1560217542783	addons.webextension.screenshots@mozilla.org	WARN	Loading extension 'screenshots@mozilla.org': Reading manifest: Invalid extension permission: mozillaAddons
1560217542783	addons.webextension.screenshots@mozilla.org	WARN	Loading extension 'screenshots@mozilla.org': Reading manifest: Invalid extension permission: resource://pdf.js/
1560217542784	addons.webextension.screenshots@mozilla.org	WARN	Loading extension 'screenshots@mozilla.org': Reading manifest: Invalid extension permission: about:reader*
1560217545164	Marionette	INFO	Listening on port 57421
1560217545227	Marionette	WARN	TLS certificate errors will be ignored for this session
console.error: BroadcastService: 
  receivedBroadcastMessage: handler for
  remote-settings/monitor_changes
  threw error:
  Message: Error: Polling for changes failed: http://%(server)s/dummy/blocklist//buckets/monitor/collections/changes/records?_expected=%221560206791251%22 is not a valid URL..
  Stack:
    remoteSettingsFunction/remoteSettings.pollChanges@resource://services-settings/remote-settings.js:203:13

[GFX1-]: Receive IPC close with reason=AbnormalShutdown
[GFX1-]: Receive IPC close with reason=AbnormalShutdown
[GFX1-]: Receive IPC close with reason=AbnormalShutdown
Exiting due to channel error.
Exiting due to channel error.
Exiting due to channel error.
1560217975977	mozrunner::runner	INFO	Running command: "/Applications/Firefox.app/Contents/MacOS/firefox-bin" "-marionette" "--disable-infobars" "--disable-dev-shm-usage" "--disable-extensions" "--disable-gpu" "--no-sandbox" "--no-proxy-server" "-foreground" "-no-remote" "-profile" "/var/folders/tp/3tnk_d556jn82vbv6v26c0_r0000gn/T/rust_mozprofile.akfxkA5n7Z9B"
1560217977073	addons.webextension.screenshots@mozilla.org	WARN	Loading extension 'screenshots@mozilla.org': Reading manifest: Invalid extension permission: mozillaAddons
1560217977074	addons.webextension.screenshots@mozilla.org	WARN	Loading extension 'screenshots@mozilla.org': Reading manifest: Invalid extension permission: resource://pdf.js/
1560217977074	addons.webextension.screenshots@mozilla.org	WARN	Loading extension 'screenshots@mozilla.org': Reading manifest: Invalid extension permission: about:reader*
1560217980091	Marionette	INFO	Listening on port 59352
1560217980191	Marionette	WARN	TLS certificate errors will be ignored for this session
console.error: BroadcastService: 
  receivedBroadcastMessage: handler for
  remote-settings/monitor_changes
  threw error:
  Message: Error: Polling for changes failed: http://%(server)s/dummy/blocklist//buckets/monitor/collections/changes/records?_expected=%221560206791251%22 is not a valid URL..
  Stack:
    remoteSettingsFunction/remoteSettings.pollChanges@resource://services-settings/remote-settings.js:203:13

[Child 17045, Chrome_ChildThread] WARNING: pipe error: Broken pipe: file /builds/worker/workspace/build/src/ipc/chromium/src/chrome/common/ipc_channel_posix.cc, line 726
Exiting due to channel error.
[GFX1-]: Receive IPC close with reason=AbnormalShutdown
Exiting due to channel error.
Exiting due to channel error.
1560231595067	mozrunner::runner	INFO	Running command: "/Applications/Firefox.app/Contents/MacOS/firefox-bin" "-marionette" "--disable-infobars" "--disable-dev-shm-usage" "--disable-extensions" "--disable-gpu" "--no-sandbox" "--no-proxy-server" "-foreground" "-no-remote" "-profile" "/var/folders/tp/3tnk_d556jn82vbv6v26c0_r0000gn/T/rust_mozprofile.4BYSaZROH8xK"
1560231596424	addons.webextension.screenshots@mozilla.org	WARN	Loading extension 'screenshots@mozilla.org': Reading manifest: Invalid extension permission: mozillaAddons
1560231596425	addons.webextension.screenshots@mozilla.org	WARN	Loading extension 'screenshots@mozilla.org': Reading manifest: Invalid extension permission: resource://pdf.js/
1560231596425	addons.webextension.screenshots@mozilla.org	WARN	Loading extension 'screenshots@mozilla.org': Reading manifest: Invalid extension permission: about:reader*
1560231599980	Marionette	INFO	Listening on port 62763
1560231600027	Marionette	WARN	TLS certificate errors will be ignored for this session
console.error: BroadcastService: 
  receivedBroadcastMessage: handler for
  remote-settings/monitor_changes
  threw error:
  Message: Error: Polling for changes failed: http://%(server)s/dummy/blocklist//buckets/monitor/collections/changes/records?_expected=%221560206791251%22 is not a valid URL..
  Stack:
    remoteSettingsFunction/remoteSettings.pollChanges@resource://services-settings/remote-settings.js:203:13

[GFX1]: [Tiling:Client] Failed to allocate a TextureClient
[GFX1]: [Tiling:Client] Failed to allocate a TextureClient
[GFX1-]: Receive IPC close with reason=AbnormalShutdown
Exiting due to channel error.
[Child 17160, Chrome_ChildThread] WARNING: pipe error: Broken pipe: file /builds/worker/workspace/build/src/ipc/chromium/src/chrome/common/ipc_channel_posix.cc, line 726
Exiting due to channel error.
[GFX1-]: Receive IPC close with reason=AbnormalShutdown
Exiting due to channel error.
1560258173968	mozrunner::runner	INFO	Running command: "/Applications/Firefox.app/Contents/MacOS/firefox-bin" "-marionette" "--disable-infobars" "--disable-dev-shm-usage" "--disable-extensions" "--disable-gpu" "--no-sandbox" "--no-proxy-server" "-foreground" "-no-remote" "-profile" "/var/folders/tp/3tnk_d556jn82vbv6v26c0_r0000gn/T/rust_mozprofile.VGzmIbf6pjxO"
1560258175084	addons.webextension.screenshots@mozilla.org	WARN	Loading extension 'screenshots@mozilla.org': Reading manifest: Invalid extension permission: mozillaAddons
1560258175085	addons.webextension.screenshots@mozilla.org	WARN	Loading extension 'screenshots@mozilla.org': Reading manifest: Invalid extension permission: resource://pdf.js/
1560258175085	addons.webextension.screenshots@mozilla.org	WARN	Loading extension 'screenshots@mozilla.org': Reading manifest: Invalid extension permission: about:reader*
1560258177672	Marionette	INFO	Listening on port 64833
1560258177735	Marionette	WARN	TLS certificate errors will be ignored for this session
Exiting due to channel error.
Exiting due to channel error.
[Child 17278, Chrome_ChildThread] WARNING: pipe error: Broken pipe: file /builds/worker/workspace/build/src/ipc/chromium/src/chrome/common/ipc_channel_posix.cc, line 726
Exiting due to channel error.
1560258253370	mozrunner::runner	INFO	Running command: "/Applications/Firefox.app/Contents/MacOS/firefox-bin" "-marionette" "--disable-infobars" "--disable-dev-shm-usage" "--disable-extensions" "--disable-gpu" "--no-sandbox" "--no-proxy-server" "-foreground" "-no-remote" "-profile" "/var/folders/tp/3tnk_d556jn82vbv6v26c0_r0000gn/T/rust_mozprofile.9bzhm4EytK5z"
1560258254479	addons.webextension.screenshots@mozilla.org	WARN	Loading extension 'screenshots@mozilla.org': Reading manifest: Invalid extension permission: mozillaAddons
1560258254480	addons.webextension.screenshots@mozilla.org	WARN	Loading extension 'screenshots@mozilla.org': Reading manifest: Invalid extension permission: resource://pdf.js/
1560258254480	addons.webextension.screenshots@mozilla.org	WARN	Loading extension 'screenshots@mozilla.org': Reading manifest: Invalid extension permission: about:reader*
1560258257155	Marionette	INFO	Listening on port 50062
1560258257179	Marionette	WARN	TLS certificate errors will be ignored for this session
console.error: BroadcastService: 
  receivedBroadcastMessage: handler for
  remote-settings/monitor_changes
  threw error:
  Message: Error: Polling for changes failed: http://%(server)s/dummy/blocklist//buckets/monitor/collections/changes/records?_expected=%221560247588255%22 is not a valid URL..
  Stack:
    remoteSettingsFunction/remoteSettings.pollChanges@resource://services-settings/remote-settings.js:203:13

Exiting due to channel error.
[Child 17375, Chrome_ChildThread] WARNING: pipe error: Broken pipe: file /builds/worker/workspace/build/src/ipc/chromium/src/chrome/common/ipc_channel_posix.cc, line 726
Exiting due to channel error.
[GFX1-]: Receive IPC close with reason=AbnormalShutdown
Exiting due to channel error.
1560263919557	mozrunner::runner	INFO	Running command: "/Applications/Firefox.app/Contents/MacOS/firefox-bin" "-marionette" "--disable-infobars" "--disable-dev-shm-usage" "--disable-extensions" "--disable-gpu" "--no-sandbox" "--no-proxy-server" "-foreground" "-no-remote" "-profile" "/var/folders/tp/3tnk_d556jn82vbv6v26c0_r0000gn/T/rust_mozprofile.T0fnK2GOJwYn"
1560263921302	addons.webextension.screenshots@mozilla.org	WARN	Loading extension 'screenshots@mozilla.org': Reading manifest: Invalid extension permission: mozillaAddons
1560263921303	addons.webextension.screenshots@mozilla.org	WARN	Loading extension 'screenshots@mozilla.org': Reading manifest: Invalid extension permission: resource://pdf.js/
1560263921303	addons.webextension.screenshots@mozilla.org	WARN	Loading extension 'screenshots@mozilla.org': Reading manifest: Invalid extension permission: about:reader*
1560263925029	Marionette	INFO	Listening on port 54023
1560263925207	Marionette	WARN	TLS certificate errors will be ignored for this session
console.error: BroadcastService: 
  receivedBroadcastMessage: handler for
  remote-settings/monitor_changes
  threw error:
  Message: Error: Polling for changes failed: http://%(server)s/dummy/blocklist//buckets/monitor/collections/changes/records?_expected=%221560247588255%22 is not a valid URL..
  Stack:
    remoteSettingsFunction/remoteSettings.pollChanges@resource://services-settings/remote-settings.js:203:13

1560264001036	Marionette	INFO	Stopped listening on port 54023

###!!! [Child][MessageChannel] Error: (msgtype=0x530005,name=PHttpChannel::Msg_Cancel) Closed channel: cannot send/recv

[Parent 17855, Gecko_IOThread] WARNING: pipe error: Broken pipe: file /builds/worker/workspace/build/src/ipc/chromium/src/chrome/common/ipc_channel_posix.cc, line 726
1560264212548	mozrunner::runner	INFO	Running command: "/Applications/Firefox.app/Contents/MacOS/firefox-bin" "-marionette" "--disable-infobars" "--disable-dev-shm-usage" "--disable-extensions" "--disable-gpu" "--no-sandbox" "--no-proxy-server" "-foreground" "-no-remote" "-profile" "/var/folders/tp/3tnk_d556jn82vbv6v26c0_r0000gn/T/rust_mozprofile.dH5YcWMzFOxM"
1560264213805	addons.webextension.screenshots@mozilla.org	WARN	Loading extension 'screenshots@mozilla.org': Reading manifest: Invalid extension permission: mozillaAddons
1560264213807	addons.webextension.screenshots@mozilla.org	WARN	Loading extension 'screenshots@mozilla.org': Reading manifest: Invalid extension permission: resource://pdf.js/
1560264213807	addons.webextension.screenshots@mozilla.org	WARN	Loading extension 'screenshots@mozilla.org': Reading manifest: Invalid extension permission: about:reader*
1560264217622	Marionette	INFO	Listening on port 54504
1560264217737	Marionette	WARN	TLS certificate errors will be ignored for this session
console.error: BroadcastService: 
  receivedBroadcastMessage: handler for
  remote-settings/monitor_changes
  threw error:
  Message: Error: Polling for changes failed: http://%(server)s/dummy/blocklist//buckets/monitor/collections/changes/records?_expected=%221560247588255%22 is not a valid URL..
  Stack:
    remoteSettingsFunction/remoteSettings.pollChanges@resource://services-settings/remote-settings.js:203:13

console.error: BroadcastService: 
  receivedBroadcastMessage: handler for
  remote-settings/monitor_changes
  threw error:
  Message: Error: Polling for changes failed: http://%(server)s/dummy/blocklist//buckets/monitor/collections/changes/records?_expected=%221560272027324%22 is not a valid URL..
  Stack:
    remoteSettingsFunction/remoteSettings.pollChanges@resource://services-settings/remote-settings.js:203:13

JavaScript error: resource://gre/modules/ActorManagerChild.jsm, line 237: NS_ERROR_XPC_BAD_CONVERT_NATIVE: Component returned failure code: 0x8057000a (NS_ERROR_XPC_BAD_CONVERT_NATIVE) [xpcIJSWeakReference.get]
JavaScript error: resource://gre/modules/ActorManagerChild.jsm, line 237: NS_ERROR_XPC_BAD_CONVERT_NATIVE: Component returned failure code: 0x8057000a (NS_ERROR_XPC_BAD_CONVERT_NATIVE) [xpcIJSWeakReference.get]
JavaScript error: resource://gre/modules/ActorManagerChild.jsm, line 237: NS_ERROR_XPC_BAD_CONVERT_NATIVE: Component returned failure code: 0x8057000a (NS_ERROR_XPC_BAD_CONVERT_NATIVE) [xpcIJSWeakReference.get]
JavaScript error: resource://gre/modules/ActorManagerChild.jsm, line 237: NS_ERROR_XPC_BAD_CONVERT_NATIVE: Component returned failure code: 0x8057000a (NS_ERROR_XPC_BAD_CONVERT_NATIVE) [xpcIJSWeakReference.get]
JavaScript error: resource://gre/modules/ActorManagerChild.jsm, line 237: NS_ERROR_XPC_BAD_CONVERT_NATIVE: Component returned failure code: 0x8057000a (NS_ERROR_XPC_BAD_CONVERT_NATIVE) [xpcIJSWeakReference.get]
JavaScript error: resource://gre/modules/ActorManagerChild.jsm, line 237: NS_ERROR_XPC_BAD_CONVERT_NATIVE: Component returned failure code: 0x8057000a (NS_ERROR_XPC_BAD_CONVERT_NATIVE) [xpcIJSWeakReference.get]
JavaScript error: resource://gre/modules/ActorManagerChild.jsm, line 237: NS_ERROR_XPC_BAD_CONVERT_NATIVE: Component returned failure code: 0x8057000a (NS_ERROR_XPC_BAD_CONVERT_NATIVE) [xpcIJSWeakReference.get]
JavaScript error: resource://gre/modules/ActorManagerChild.jsm, line 237: NS_ERROR_XPC_BAD_CONVERT_NATIVE: Component returned failure code: 0x8057000a (NS_ERROR_XPC_BAD_CONVERT_NATIVE) [xpcIJSWeakReference.get]
JavaScript error: resource://gre/modules/ActorManagerChild.jsm, line 237: NS_ERROR_XPC_BAD_CONVERT_NATIVE: Component returned failure code: 0x8057000a (NS_ERROR_XPC_BAD_CONVERT_NATIVE) [xpcIJSWeakReference.get]
JavaScript error: resource://gre/modules/ActorManagerChild.jsm, line 237: NS_ERROR_XPC_BAD_CONVERT_NATIVE: Component returned failure code: 0x8057000a (NS_ERROR_XPC_BAD_CONVERT_NATIVE) [xpcIJSWeakReference.get]
JavaScript error: resource://gre/modules/ActorManagerChild.jsm, line 237: NS_ERROR_XPC_BAD_CONVERT_NATIVE: Component returned failure code: 0x8057000a (NS_ERROR_XPC_BAD_CONVERT_NATIVE) [xpcIJSWeakReference.get]
JavaScript error: resource://gre/modules/ActorManagerChild.jsm, line 237: NS_ERROR_XPC_BAD_CONVERT_NATIVE: Component returned failure code: 0x8057000a (NS_ERROR_XPC_BAD_CONVERT_NATIVE) [xpcIJSWeakReference.get]
JavaScript error: resource://gre/modules/ActorManagerChild.jsm, line 237: NS_ERROR_XPC_BAD_CONVERT_NATIVE: Component returned failure code: 0x8057000a (NS_ERROR_XPC_BAD_CONVERT_NATIVE) [xpcIJSWeakReference.get]
JavaScript error: resource://gre/modules/ActorManagerChild.jsm, line 237: NS_ERROR_XPC_BAD_CONVERT_NATIVE: Component returned failure code: 0x8057000a (NS_ERROR_XPC_BAD_CONVERT_NATIVE) [xpcIJSWeakReference.get]
JavaScript error: resource://gre/modules/ActorManagerChild.jsm, line 237: NS_ERROR_XPC_BAD_CONVERT_NATIVE: Component returned failure code: 0x8057000a (NS_ERROR_XPC_BAD_CONVERT_NATIVE) [xpcIJSWeakReference.get]
JavaScript error: resource://gre/modules/ActorManagerChild.jsm, line 237: NS_ERROR_XPC_BAD_CONVERT_NATIVE: Component returned failure code: 0x8057000a (NS_ERROR_XPC_BAD_CONVERT_NATIVE) [xpcIJSWeakReference.get]
JavaScript error: resource://gre/modules/ActorManagerChild.jsm, line 237: NS_ERROR_XPC_BAD_CONVERT_NATIVE: Component returned failure code: 0x8057000a (NS_ERROR_XPC_BAD_CONVERT_NATIVE) [xpcIJSWeakReference.get]
JavaScript error: resource://gre/modules/ActorManagerChild.jsm, line 237: NS_ERROR_XPC_BAD_CONVERT_NATIVE: Component returned failure code: 0x8057000a (NS_ERROR_XPC_BAD_CONVERT_NATIVE) [xpcIJSWeakReference.get]
JavaScript error: resource://gre/modules/ActorManagerChild.jsm, line 237: NS_ERROR_XPC_BAD_CONVERT_NATIVE: Component returned failure code: 0x8057000a (NS_ERROR_XPC_BAD_CONVERT_NATIVE) [xpcIJSWeakReference.get]
JavaScript error: resource://gre/modules/ActorManagerChild.jsm, line 237: NS_ERROR_XPC_BAD_CONVERT_NATIVE: Component returned failure code: 0x8057000a (NS_ERROR_XPC_BAD_CONVERT_NATIVE) [xpcIJSWeakReference.get]
JavaScript error: resource://gre/modules/ActorManagerChild.jsm, line 237: NS_ERROR_XPC_BAD_CONVERT_NATIVE: Component returned failure code: 0x8057000a (NS_ERROR_XPC_BAD_CONVERT_NATIVE) [xpcIJSWeakReference.get]
JavaScript error: resource://gre/modules/ActorManagerChild.jsm, line 237: NS_ERROR_XPC_BAD_CONVERT_NATIVE: Component returned failure code: 0x8057000a (NS_ERROR_XPC_BAD_CONVERT_NATIVE) [xpcIJSWeakReference.get]
JavaScript error: resource://gre/modules/ActorManagerChild.jsm, line 237: NS_ERROR_XPC_BAD_CONVERT_NATIVE: Component returned failure code: 0x8057000a (NS_ERROR_XPC_BAD_CONVERT_NATIVE) [xpcIJSWeakReference.get]
JavaScript error: resource://gre/modules/ActorManagerChild.jsm, line 237: NS_ERROR_XPC_BAD_CONVERT_NATIVE: Component returned failure code: 0x8057000a (NS_ERROR_XPC_BAD_CONVERT_NATIVE) [xpcIJSWeakReference.get]
JavaScript error: resource://gre/modules/ActorManagerChild.jsm, line 237: NS_ERROR_XPC_BAD_CONVERT_NATIVE: Component returned failure code: 0x8057000a (NS_ERROR_XPC_BAD_CONVERT_NATIVE) [xpcIJSWeakReference.get]
JavaScript error: resource://gre/modules/ActorManagerChild.jsm, line 237: NS_ERROR_XPC_BAD_CONVERT_NATIVE: Component returned failure code: 0x8057000a (NS_ERROR_XPC_BAD_CONVERT_NATIVE) [xpcIJSWeakReference.get]
JavaScript error: resource://gre/modules/ActorManagerChild.jsm, line 237: NS_ERROR_XPC_BAD_CONVERT_NATIVE: Component returned failure code: 0x8057000a (NS_ERROR_XPC_BAD_CONVERT_NATIVE) [xpcIJSWeakReference.get]
console.error: BroadcastService: 
  receivedBroadcastMessage: handler for
  remote-settings/monitor_changes
  threw error:
  Message: Error: Polling for changes failed: http://%(server)s/dummy/blocklist//buckets/monitor/collections/changes/records?_expected=%221560277449944%22 is not a valid URL..
  Stack:
    remoteSettingsFunction/remoteSettings.pollChanges@resource://services-settings/remote-settings.js:203:13

JavaScript error: resource://devtools/client/jsonview/converter-observer.js, line 74: NS_ERROR_NOT_AVAILABLE: Component returned failure code: 0x80040111 (NS_ERROR_NOT_AVAILABLE) [nsIHttpChannel.contentType]
1560287962503	Marionette	INFO	Stopped listening on port 54504

###!!! [Child][MessageChannel] Error: (msgtype=0x530005,name=PHttpChannel::Msg_Cancel) Closed channel: cannot send/recv

